[2024-08-26 08:58:03] local.INFO: getWorkersC:\xampp\htdocs\handyman_backup\app\Http\Controllers\ApiController.php  
[2024-08-26 08:58:03] local.INFO: C:\xampp\htdocs\handyman_backup\app\Http\Controllers\ApiController.php/consulta  
[2024-08-26 08:58:25] local.ERROR: Ocurrio un error al realizar la consulta => SQLSTATE[08006] [7] could not connect to server: Connection timed out (0x0000274C/10060)
	Is the server running on host "192.168.0.6" and accepting
	TCP/IP connections on port 5432? (SQL:  
            select 
            u.id,
            u.name,
            u.email,
            u.short_description,
            u.qualification,
            u.profession,
            u.price,
            u.profile_photo_path
            from handyman_users_app u  
            
            order by u.name
            )  
[2024-08-26 08:59:41] local.INFO: getWorkersC:\xampp\htdocs\handyman_backup\app\Http\Controllers\ApiController.php  
[2024-08-26 08:59:41] local.INFO: C:\xampp\htdocs\handyman_backup\app\Http\Controllers\ApiController.php/consulta  
[2024-08-26 09:00:02] local.ERROR: Ocurrio un error al realizar la consulta => SQLSTATE[08006] [7] could not connect to server: Connection timed out (0x0000274C/10060)
	Is the server running on host "192.168.0.6" and accepting
	TCP/IP connections on port 5432? (SQL:  
            select 
            u.id,
            u.name,
            u.email,
            u.short_description,
            u.qualification,
            u.profession,
            u.price,
            u.profile_photo_path
            from handyman_users_app u  
            
            order by u.name
            )  
[2024-08-26 09:02:42] local.INFO: getWorkersC:\xampp\htdocs\handyman_backup\app\Http\Controllers\ApiController.php  
[2024-08-26 09:02:42] local.INFO: C:\xampp\htdocs\handyman_backup\app\Http\Controllers\ApiController.php/consulta  
[2024-08-26 18:37:02] local.INFO: getWorkersC:\xampp\htdocs\handyman_backup\app\Http\Controllers\ApiController.php  
[2024-08-26 18:37:02] local.INFO: C:\xampp\htdocs\handyman_backup\app\Http\Controllers\ApiController.php/consulta  
[2024-08-26 18:42:35] local.INFO: getWorkersC:\xampp\htdocs\handyman_backup\app\Http\Controllers\ApiController.php  
[2024-08-26 18:42:35] local.INFO: C:\xampp\htdocs\handyman_backup\app\Http\Controllers\ApiController.php/consulta  
[2024-08-26 18:42:35] local.INFO: getWorkersC:\xampp\htdocs\handyman_backup\app\Http\Controllers\ApiController.php  
[2024-08-26 18:42:35] local.INFO: C:\xampp\htdocs\handyman_backup\app\Http\Controllers\ApiController.php/consulta  
[2024-08-26 18:45:53] local.INFO: getWorkersC:\xampp\htdocs\handyman_backup\app\Http\Controllers\ApiController.php  
[2024-08-26 18:45:53] local.INFO: C:\xampp\htdocs\handyman_backup\app\Http\Controllers\ApiController.php/consulta  
[2024-08-26 18:48:58] local.INFO: getWorkersC:\xampp\htdocs\handyman_backup\app\Http\Controllers\ApiController.php  
[2024-08-26 18:48:58] local.INFO: C:\xampp\htdocs\handyman_backup\app\Http\Controllers\ApiController.php/consulta  
[2024-08-26 18:48:58] local.INFO: getWorkersC:\xampp\htdocs\handyman_backup\app\Http\Controllers\ApiController.php  
[2024-08-26 18:48:58] local.INFO: C:\xampp\htdocs\handyman_backup\app\Http\Controllers\ApiController.php/consulta  
[2024-08-26 18:49:47] local.INFO: getWorkersC:\xampp\htdocs\handyman_backup\app\Http\Controllers\ApiController.php  
[2024-08-26 18:49:47] local.INFO: C:\xampp\htdocs\handyman_backup\app\Http\Controllers\ApiController.php/consulta  
[2024-08-26 18:49:47] local.INFO: getWorkersC:\xampp\htdocs\handyman_backup\app\Http\Controllers\ApiController.php  
[2024-08-26 18:49:47] local.INFO: C:\xampp\htdocs\handyman_backup\app\Http\Controllers\ApiController.php/consulta  
[2024-08-26 18:50:29] local.INFO: getWorkersC:\xampp\htdocs\handyman_backup\app\Http\Controllers\ApiController.php  
[2024-08-26 18:50:29] local.INFO: C:\xampp\htdocs\handyman_backup\app\Http\Controllers\ApiController.php/consulta  
[2024-08-26 18:50:31] local.INFO: getWorkersC:\xampp\htdocs\handyman_backup\app\Http\Controllers\ApiController.php  
[2024-08-26 18:50:31] local.INFO: C:\xampp\htdocs\handyman_backup\app\Http\Controllers\ApiController.php/consulta  
[2024-08-26 18:50:31] local.INFO: getWorkersC:\xampp\htdocs\handyman_backup\app\Http\Controllers\ApiController.php  
[2024-08-26 18:50:31] local.INFO: C:\xampp\htdocs\handyman_backup\app\Http\Controllers\ApiController.php/consulta  
[2024-08-26 20:01:38] local.INFO: getWorkersC:\xampp\htdocs\handyman_backup\app\Http\Controllers\ApiController.php  
[2024-08-26 20:01:38] local.INFO: C:\xampp\htdocs\handyman_backup\app\Http\Controllers\ApiController.php/consulta  
[2024-08-26 20:01:39] local.INFO: getWorkersC:\xampp\htdocs\handyman_backup\app\Http\Controllers\ApiController.php  
[2024-08-26 20:01:39] local.INFO: C:\xampp\htdocs\handyman_backup\app\Http\Controllers\ApiController.php/consulta  
[2024-08-26 20:01:40] local.INFO: getWorkersC:\xampp\htdocs\handyman_backup\app\Http\Controllers\ApiController.php  
[2024-08-26 20:01:40] local.INFO: C:\xampp\htdocs\handyman_backup\app\Http\Controllers\ApiController.php/consulta  
[2024-08-26 20:03:07] local.INFO: getWorkersC:\xampp\htdocs\handyman_backup\app\Http\Controllers\ApiController.php  
[2024-08-26 20:03:07] local.INFO: C:\xampp\htdocs\handyman_backup\app\Http\Controllers\ApiController.php/consulta  
[2024-08-26 20:03:07] local.INFO: getWorkersC:\xampp\htdocs\handyman_backup\app\Http\Controllers\ApiController.php  
[2024-08-26 20:03:07] local.INFO: C:\xampp\htdocs\handyman_backup\app\Http\Controllers\ApiController.php/consulta  
[2024-08-26 20:05:34] local.INFO: getWorkersC:\xampp\htdocs\handyman_backup\app\Http\Controllers\ApiController.php  
[2024-08-26 20:05:34] local.INFO: C:\xampp\htdocs\handyman_backup\app\Http\Controllers\ApiController.php/consulta  
[2024-08-26 20:05:34] local.INFO: getWorkersC:\xampp\htdocs\handyman_backup\app\Http\Controllers\ApiController.php  
[2024-08-26 20:05:34] local.INFO: C:\xampp\htdocs\handyman_backup\app\Http\Controllers\ApiController.php/consulta  
[2024-08-26 20:13:40] local.INFO: getWorkersC:\xampp\htdocs\handyman_backup\app\Http\Controllers\ApiController.php  
[2024-08-26 20:13:40] local.INFO: C:\xampp\htdocs\handyman_backup\app\Http\Controllers\ApiController.php/consulta  
[2024-08-26 20:13:40] local.INFO: getWorkersC:\xampp\htdocs\handyman_backup\app\Http\Controllers\ApiController.php  
[2024-08-26 20:13:40] local.INFO: C:\xampp\htdocs\handyman_backup\app\Http\Controllers\ApiController.php/consulta  
[2024-08-26 20:20:01] local.INFO: getWorkersC:\xampp\htdocs\handyman_backup\app\Http\Controllers\ApiController.php  
[2024-08-26 20:20:01] local.INFO: C:\xampp\htdocs\handyman_backup\app\Http\Controllers\ApiController.php/consulta  
[2024-08-26 20:20:16] local.INFO: getWorkersC:\xampp\htdocs\handyman_backup\app\Http\Controllers\ApiController.php  
[2024-08-26 20:20:16] local.INFO: C:\xampp\htdocs\handyman_backup\app\Http\Controllers\ApiController.php/consulta  
[2024-08-26 20:20:16] local.INFO: getWorkersC:\xampp\htdocs\handyman_backup\app\Http\Controllers\ApiController.php  
[2024-08-26 20:20:16] local.INFO: C:\xampp\htdocs\handyman_backup\app\Http\Controllers\ApiController.php/consulta  
[2024-08-26 20:20:55] local.INFO: getWorkersC:\xampp\htdocs\handyman_backup\app\Http\Controllers\ApiController.php  
[2024-08-26 20:20:55] local.INFO: C:\xampp\htdocs\handyman_backup\app\Http\Controllers\ApiController.php/consulta  
